05/25/2022 10:10:47 - INFO - root -   start get_subjects_calendar.. total subjects: 89
05/25/2022 10:11:03 - INFO - root -   10/89 - 349443
05/25/2022 10:11:19 - INFO - root -   20/89 - 330055
05/25/2022 10:11:35 - INFO - root -   30/89 - 381381
05/25/2022 10:11:51 - INFO - root -   40/89 - 358754
05/25/2022 10:12:07 - INFO - root -   50/89 - 320236
05/25/2022 10:12:23 - INFO - root -   60/89 - 380749
05/25/2022 10:12:39 - INFO - root -   70/89 - 351943
05/25/2022 10:12:54 - INFO - root -   80/89 - 354246
05/25/2022 10:13:05 - INFO - root -   end get_subjects_calendar..
05/25/2022 10:26:34 - INFO - root -   start get_subjects_calendar.. total subjects: 89
05/25/2022 10:29:28 - INFO - root -   crawled 10, randomly sleep 5s
05/25/2022 10:29:49 - INFO - root -   crawled 20, randomly sleep 5s
05/25/2022 10:30:10 - INFO - root -   crawled 30, randomly sleep 5s
05/25/2022 10:30:30 - INFO - root -   crawled 40, randomly sleep 5s
05/25/2022 10:30:51 - INFO - root -   crawled 50, randomly sleep 5s
05/25/2022 10:31:12 - INFO - root -   crawled 60, randomly sleep 5s
05/25/2022 10:31:32 - INFO - root -   crawled 70, randomly sleep 3s
05/25/2022 10:31:53 - INFO - root -   crawled 80, randomly sleep 4s
05/25/2022 10:32:00 - ERROR - root -   error at 354246!!!
05/25/2022 10:32:00 - ERROR - root -   'name_cn'
05/25/2022 10:32:00 - INFO - root -   end get_subjects_calendar..
05/25/2022 11:43:33 - INFO - root -   start get_subjects_calendar.. total subjects: 89
05/25/2022 11:44:31 - INFO - pyppeteer.launcher -   Browser listening on: ws://127.0.0.1:62892/devtools/browser/95fb7959-c838-45ac-bd7f-f6f73dcf2228
05/25/2022 11:45:44 - ERROR - root -   error at 354246 !!!
05/25/2022 11:45:47 - ERROR - root -   'name'
05/25/2022 11:49:38 - ERROR - root -   error at 372925 !!!
05/25/2022 11:49:38 - ERROR - root -   372925 - []
05/25/2022 11:49:40 - ERROR - root -   error at 376674 !!!
05/25/2022 11:49:40 - ERROR - root -   376674 - []
05/25/2022 11:49:42 - ERROR - root -   error at 377133 !!!
05/25/2022 11:49:42 - ERROR - root -   377133 - []
05/25/2022 11:49:45 - ERROR - root -   error at 381382 !!!
05/25/2022 11:49:45 - ERROR - root -   381382 - []
05/25/2022 11:50:02 - INFO - root -   start get_subjects_calendar.. total subjects: 89
05/25/2022 11:50:05 - ERROR - root -   error at 354246 !!!
05/25/2022 11:50:05 - ERROR - root -   'name'
05/25/2022 11:50:11 - INFO - root -   end get_subjects_calendar.. 89/89 craweled
